Performing C SOURCE FILE Test CMAKE_HAVE_LIBC_PTHREAD failed with the following output:
Change Dir: /home/ca1se/Documents/practice/db_course_design/build/CMakeFiles/CMakeTmp

Run Build Command(s):/usr/sbin/make -f Makefile cmTC_992f3/fast && /usr/sbin/make  -f CMakeFiles/cmTC_992f3.dir/build.make CMakeFiles/cmTC_992f3.dir/build
make[1]: Entering directory '/home/ca1se/Documents/practice/db_course_design/build/CMakeFiles/CMakeTmp'
Building C object CMakeFiles/cmTC_992f3.dir/src.c.o
/bin/x86_64-pc-linux-gnu-gcc-11.1.0 -DCMAKE_HAVE_LIBC_PTHREAD   -o CMakeFiles/cmTC_992f3.dir/src.c.o -c /home/ca1se/Documents/practice/db_course_design/build/CMakeFiles/CMakeTmp/src.c
Linking C executable cmTC_992f3
/usr/bin/cmake -E cmake_link_script CMakeFiles/cmTC_992f3.dir/link.txt --verbose=1
/bin/x86_64-pc-linux-gnu-gcc-11.1.0 -rdynamic CMakeFiles/cmTC_992f3.dir/src.c.o -o cmTC_992f3 
/usr/sbin/ld: CMakeFiles/cmTC_992f3.dir/src.c.o: in function `main':
src.c:(.text+0x3e): undefined reference to `pthread_create'
/usr/sbin/ld: src.c:(.text+0x4a): undefined reference to `pthread_detach'
/usr/sbin/ld: src.c:(.text+0x56): undefined reference to `pthread_cancel'
/usr/sbin/ld: src.c:(.text+0x67): undefined reference to `pthread_join'
collect2: error: ld returned 1 exit status
make[1]: *** [CMakeFiles/cmTC_992f3.dir/build.make:99: cmTC_992f3] Error 1
make[1]: Leaving directory '/home/ca1se/Documents/practice/db_course_design/build/CMakeFiles/CMakeTmp'
make: *** [Makefile:127: cmTC_992f3/fast] Error 2


Source file was:
#include <pthread.h>

static void* test_func(void* data)
{
  return data;
}

int main(void)
{
  pthread_t thread;
  pthread_create(&thread, NULL, test_func, NULL);
  pthread_detach(thread);
  pthread_cancel(thread);
  pthread_join(thread, NULL);
  pthread_atfork(NULL, NULL, NULL);
  pthread_exit(NULL);

  return 0;
}

Determining if the function pthread_create exists in the pthreads failed with the following output:
Change Dir: /home/ca1se/Documents/practice/db_course_design/build/CMakeFiles/CMakeTmp

Run Build Command(s):/usr/sbin/make -f Makefile cmTC_a3bb1/fast && /usr/sbin/make  -f CMakeFiles/cmTC_a3bb1.dir/build.make CMakeFiles/cmTC_a3bb1.dir/build
make[1]: Entering directory '/home/ca1se/Documents/practice/db_course_design/build/CMakeFiles/CMakeTmp'
Building C object CMakeFiles/cmTC_a3bb1.dir/CheckFunctionExists.c.o
/bin/x86_64-pc-linux-gnu-gcc-11.1.0   -DCHECK_FUNCTION_EXISTS=pthread_create -o CMakeFiles/cmTC_a3bb1.dir/CheckFunctionExists.c.o -c /usr/share/cmake-3.22/Modules/CheckFunctionExists.c
Linking C executable cmTC_a3bb1
/usr/bin/cmake -E cmake_link_script CMakeFiles/cmTC_a3bb1.dir/link.txt --verbose=1
/bin/x86_64-pc-linux-gnu-gcc-11.1.0  -DCHECK_FUNCTION_EXISTS=pthread_create -rdynamic CMakeFiles/cmTC_a3bb1.dir/CheckFunctionExists.c.o -o cmTC_a3bb1  -lpthreads 
/usr/sbin/ld: cannot find -lpthreads
collect2: error: ld returned 1 exit status
make[1]: *** [CMakeFiles/cmTC_a3bb1.dir/build.make:99: cmTC_a3bb1] Error 1
make[1]: Leaving directory '/home/ca1se/Documents/practice/db_course_design/build/CMakeFiles/CMakeTmp'
make: *** [Makefile:127: cmTC_a3bb1/fast] Error 2



